<?xml version="1.0" encoding="UTF-8"?>
<robot generator="Robot 5.0 (Python 3.10.4 on darwin)" generated="20220609 15:49:09.412" rpa="false" schemaversion="3">
<suite id="s1" name="Api Test" source="/Users/Miles/Documents/GitHub/robot-tests/API/api_test.robot">
<kw name="Start Session" type="SETUP">
<kw name="Create Session" library="RequestsLibrary">
<arg>simpleBooks</arg>
<arg>https://simple-books-api.glitch.me/</arg>
<doc>Create Session: create a HTTP session to a server</doc>
<msg timestamp="20220609 15:49:09.547" level="INFO">Creating Session using : alias=simpleBooks, url=https://simple-books-api.glitch.me/, headers={},                     cookies={}, auth=None, timeout=None, proxies=None, verify=False,                     debug=0 </msg>
<status status="PASS" starttime="20220609 15:49:09.547" endtime="20220609 15:49:09.548"/>
</kw>
<status status="PASS" starttime="20220609 15:49:09.547" endtime="20220609 15:49:09.548"/>
</kw>
<test id="s1-t1" name="T001_GET_API_STATUS" line="13">
<kw name="GET On Session" library="RequestsLibrary">
<var>${response}</var>
<arg>simpleBooks</arg>
<arg>status</arg>
<doc>Sends a GET request on a previously created HTTP Session.</doc>
<msg timestamp="20220609 15:49:10.187" level="INFO">GET Request : url=https://simple-books-api.glitch.me/status 
 path_url=/status 
 headers={'User-Agent': 'python-requests/2.27.1', 'Accept-Encoding': 'gzip, deflate', 'Accept': '*/*', 'Connection': 'keep-alive'} 
 body=None 
 </msg>
<msg timestamp="20220609 15:49:10.187" level="INFO">GET Response : url=https://simple-books-api.glitch.me/status 
 status=200, reason=OK 
 headers={'Date': 'Thu, 09 Jun 2022 13:49:10 GMT', 'Content-Type': 'application/json; charset=utf-8', 'Content-Length': '15', 'Connection': 'keep-alive', 'x-powered-by': 'Express', 'etag': 'W/"f-v/Y1JusChTxrQUzPtNAKycooOTA"'} 
 body={"status":"OK"} 
 </msg>
<msg timestamp="20220609 15:49:10.188" level="INFO">/Library/Frameworks/Python.framework/Versions/3.10/lib/python3.10/site-packages/urllib3/connectionpool.py:1043: InsecureRequestWarning: Unverified HTTPS request is being made to host 'simple-books-api.glitch.me'. Adding certificate verification is strongly advised. See: https://urllib3.readthedocs.io/en/1.26.x/advanced-usage.html#ssl-warnings
  warnings.warn(</msg>
<msg timestamp="20220609 15:49:10.188" level="INFO">${response} = &lt;Response [200]&gt;</msg>
<status status="PASS" starttime="20220609 15:49:09.549" endtime="20220609 15:49:10.188"/>
</kw>
<kw name="Status Should Be" library="RequestsLibrary">
<arg>200</arg>
<arg>${response}</arg>
<doc>Fails if response status code is different than the expected.</doc>
<status status="PASS" starttime="20220609 15:49:10.188" endtime="20220609 15:49:10.189"/>
</kw>
<status status="PASS" starttime="20220609 15:49:09.548" endtime="20220609 15:49:10.189"/>
</test>
<test id="s1-t2" name="T002_GET_BOOKS" line="17">
<kw name="GET On Session" library="RequestsLibrary">
<var>${response}</var>
<arg>simpleBooks</arg>
<arg>url=books?type=non-fiction</arg>
<doc>Sends a GET request on a previously created HTTP Session.</doc>
<msg timestamp="20220609 15:49:10.352" level="INFO">GET Request : url=https://simple-books-api.glitch.me/books?type=non-fiction 
 path_url=/books?type=non-fiction 
 headers={'User-Agent': 'python-requests/2.27.1', 'Accept-Encoding': 'gzip, deflate', 'Accept': '*/*', 'Connection': 'keep-alive'} 
 body=None 
 </msg>
<msg timestamp="20220609 15:49:10.352" level="INFO">GET Response : url=https://simple-books-api.glitch.me/books?type=non-fiction 
 status=200, reason=OK 
 headers={'Date': 'Thu, 09 Jun 2022 13:49:10 GMT', 'Content-Type': 'application/json; charset=utf-8', 'Content-Length': '135', 'Connection': 'keep-alive', 'x-powered-by': 'Express', 'etag': 'W/"87-fbXCfgu0GEMnqcRoXq5fuhhKazw"'} 
 body=[{"id":2,"name":"Just as I Am","type":"non-fiction","available":false},{"id":5,"name":"Untamed","type":"non-fiction","available":true}] 
 </msg>
<msg timestamp="20220609 15:49:10.352" level="INFO">/Library/Frameworks/Python.framework/Versions/3.10/lib/python3.10/site-packages/urllib3/connectionpool.py:1043: InsecureRequestWarning: Unverified HTTPS request is being made to host 'simple-books-api.glitch.me'. Adding certificate verification is strongly advised. See: https://urllib3.readthedocs.io/en/1.26.x/advanced-usage.html#ssl-warnings
  warnings.warn(</msg>
<msg timestamp="20220609 15:49:10.352" level="INFO">${response} = &lt;Response [200]&gt;</msg>
<status status="PASS" starttime="20220609 15:49:10.190" endtime="20220609 15:49:10.352"/>
</kw>
<kw name="Status Should Be" library="RequestsLibrary">
<arg>200</arg>
<arg>${response}</arg>
<doc>Fails if response status code is different than the expected.</doc>
<status status="PASS" starttime="20220609 15:49:10.352" endtime="20220609 15:49:10.352"/>
</kw>
<status status="PASS" starttime="20220609 15:49:10.190" endtime="20220609 15:49:10.353"/>
</test>
<test id="s1-t3" name="T003_GET_ALL_ORDERS" line="21">
<kw name="GET On Session" library="RequestsLibrary">
<var>${response}</var>
<arg>simpleBooks</arg>
<arg>orders</arg>
<arg>headers=${headers}</arg>
<doc>Sends a GET request on a previously created HTTP Session.</doc>
<msg timestamp="20220609 15:49:10.515" level="INFO">GET Request : url=https://simple-books-api.glitch.me/orders 
 path_url=/orders 
 headers={'User-Agent': 'python-requests/2.27.1', 'Accept-Encoding': 'gzip, deflate', 'Accept': '*/*', 'Connection': 'keep-alive', 'Authorization': 'Bearer 3821533292fc25f66790e457f34ee94f1aa146757fad45edde1e1749379c3fcb'} 
 body=None 
 </msg>
<msg timestamp="20220609 15:49:10.515" level="INFO">GET Response : url=https://simple-books-api.glitch.me/orders 
 status=200, reason=OK 
 headers={'Date': 'Thu, 09 Jun 2022 13:49:10 GMT', 'Content-Type': 'application/json; charset=utf-8', 'Content-Length': '2756', 'Connection': 'keep-alive', 'x-powered-by': 'Express', 'etag': 'W/"ac4-YMEELMtDQUS/96HHznu1ulpE+00"'} 
 body=[{"id":"mh3hmPdN_MGs75MP-qUS6","bookId":5,"customerName":"Devin Abbott DDS","createdBy":"745d07e7c71439fc249a7f49ebbeefb1271a370ccc4b8f4135ba902baed184f1","quantity":1,"timestamp":1654766981168},{"id":"vz_vxfbWhRGLSllBEgtON","bookId":3,"customerName":"Nichole Schumm III","createdBy":"745d07e7c71439fc249a7f49ebbeefb1271a370ccc4b8f4135ba902baed184f1","quantity":1,"timestamp":1654766987813},{"id":"BtKESHDBXih7FoufgLJsj","bookId":3,"customerName":"Terence Waters","createdBy":"745d07e7c71439fc249a7f49ebbeefb1271a370ccc4b8f4135ba902baed184f1","quantity":1,"timestamp":1654768522565},{"id":"hROYkWpX4WGw3t4YmUrVw","bookId":3,"customerName":"Alberto O'Kon III","createdBy":"745d07e7c71439fc249a7f49ebbeefb1271a370ccc4b8f4135ba902baed184f1","quantity":1,"timestamp":1654769322859},{"id":"s_7gFH8mAxANjewddf4A4","bookId":3,"customerName":"Chester Beier","createdBy":"745d07e7c71439fc249a7f49ebbeefb1271a370ccc4b8f4135ba902baed184f1","quantity":1,"timestamp":1654769347629},{"id":"s8-OOUalJmMLWgPkaFI6v","bookId":3,"customerName":"miles sic","createdBy":"745d07e7c71439fc249a7f49ebbeefb1271a370ccc4b8f4135ba902baed184f1","quantity":1,"timestamp":1654769974832},{"id":"z0BFXgfz9TW2JTJ2JJGN2","bookId":3,"createdBy":"745d07e7c71439fc249a7f49ebbeefb1271a370ccc4b8f4135ba902baed184f1","quantity":1,"timestamp":1654770127880},{"id":"D2tS1-CsOcQ_IidnqxkkX","bookId":3,"createdBy":"745d07e7c71439fc249a7f49ebbeefb1271a370ccc4b8f4135ba902baed184f1","quantity":1,"timestamp":1654770241936},{"id":"HNC-QYS6IB46EE_nZyavN","bookId":3,"createdBy":"745d07e7c71439fc249a7f49ebbeefb1271a370ccc4b8f4135ba902baed184f1","quantity":1,"timestamp":1654777781610},{"id":"N0Gj_uHConpRyDs8bcAKS","bookId":3,"createdBy":"745d07e7c71439fc249a7f49ebbeefb1271a370ccc4b8f4135ba902baed184f1","quantity":1,"timestamp":1654782311009},{"id":"k1orAFppGeoMH3O1sC6PP","bookId":3,"createdBy":"745d07e7c71439fc249a7f49ebbeefb1271a370ccc4b8f4135ba902baed184f1","quantity":1,"timestamp":1654782347961},{"id":"kfPPSWqkeQQOLwqEIhpBn","bookId":3,"createdBy":"745d07e7c71439fc249a7f49ebbeefb1271a370ccc4b8f4135ba902baed184f1","quantity":1,"timestamp":1654782363764},{"id":"xq4PLwcsiQxpIVaS4PbGp","bookId":3,"createdBy":"745d07e7c71439fc249a7f49ebbeefb1271a370ccc4b8f4135ba902baed184f1","quantity":1,"timestamp":1654782491993},{"id":"QvkhmzzF0hi9bu1Gz_llm","bookId":3,"createdBy":"745d07e7c71439fc249a7f49ebbeefb1271a370ccc4b8f4135ba902baed184f1","quantity":1,"timestamp":1654782510987},{"id":"Q3CVRMq-YjKfqjEk76E-1","bookId":3,"createdBy":"745d07e7c71439fc249a7f49ebbeefb1271a370ccc4b8f4135ba902baed184f1","quantity":1,"timestamp":1654782519427},{"id":"MclzCG7AtZ-AZhITI-dk9","bookId":3,"createdBy":"745d07e7c71439fc249a7f49ebbeefb1271a370ccc4b8f4135ba902baed184f1","quantity":1,"timestamp":1654782539979}] 
 </msg>
<msg timestamp="20220609 15:49:10.515" level="INFO">/Library/Frameworks/Python.framework/Versions/3.10/lib/python3.10/site-packages/urllib3/connectionpool.py:1043: InsecureRequestWarning: Unverified HTTPS request is being made to host 'simple-books-api.glitch.me'. Adding certificate verification is strongly advised. See: https://urllib3.readthedocs.io/en/1.26.x/advanced-usage.html#ssl-warnings
  warnings.warn(</msg>
<msg timestamp="20220609 15:49:10.515" level="INFO">${response} = &lt;Response [200]&gt;</msg>
<status status="PASS" starttime="20220609 15:49:10.353" endtime="20220609 15:49:10.515"/>
</kw>
<kw name="Convert String To JSON" library="JSONLibrary">
<var>${json_contents}</var>
<arg>${response.content}</arg>
<doc>Convert String to JSON object</doc>
<msg timestamp="20220609 15:49:10.516" level="INFO">${json_contents} = [{'id': 'mh3hmPdN_MGs75MP-qUS6', 'bookId': 5, 'customerName': 'Devin Abbott DDS', 'createdBy': '745d07e7c71439fc249a7f49ebbeefb1271a370ccc4b8f4135ba902baed184f1', 'quantity': 1, 'timestamp': 165476698...</msg>
<status status="PASS" starttime="20220609 15:49:10.515" endtime="20220609 15:49:10.517"/>
</kw>
<kw name="Get Value From Json" library="JSONLibrary">
<var>${contents_customerName}</var>
<arg>${json_contents}</arg>
<arg>$..customerName</arg>
<doc>Get Value From JSON using JSONPath</doc>
<msg timestamp="20220609 15:49:10.552" level="INFO">${contents_customerName} = ['Devin Abbott DDS', 'Nichole Schumm III', 'Terence Waters', "Alberto O'Kon III", 'Chester Beier', 'miles sic']</msg>
<status status="PASS" starttime="20220609 15:49:10.517" endtime="20220609 15:49:10.552"/>
</kw>
<kw name="Log To Console" library="BuiltIn">
<arg>${contents_customerName}</arg>
<doc>Logs the given message to the console.</doc>
<status status="PASS" starttime="20220609 15:49:10.552" endtime="20220609 15:49:10.552"/>
</kw>
<status status="PASS" starttime="20220609 15:49:10.353" endtime="20220609 15:49:10.553"/>
</test>
<test id="s1-t4" name="T004_POST_ORDEER_A_BOOK" line="27">
<kw name="Create Dictionary" library="BuiltIn">
<var>&amp;{body}</var>
<arg>bookId=3</arg>
<arg>customnerName=miles sic</arg>
<doc>Creates and returns a dictionary based on the given ``items``.</doc>
<msg timestamp="20220609 15:49:10.554" level="INFO">&amp;{body} = { bookId=3 | customnerName=miles sic }</msg>
<status status="PASS" starttime="20220609 15:49:10.553" endtime="20220609 15:49:10.554"/>
</kw>
<kw name="Log To Console" library="BuiltIn">
<arg>${body}</arg>
<doc>Logs the given message to the console.</doc>
<status status="PASS" starttime="20220609 15:49:10.554" endtime="20220609 15:49:10.554"/>
</kw>
<kw name="POST On Session" library="RequestsLibrary">
<var>${response}</var>
<arg>simpleBooks</arg>
<arg>orders</arg>
<arg>json=${body}</arg>
<arg>headers=${headers}</arg>
<doc>Sends a POST request on a previously created HTTP Session.</doc>
<msg timestamp="20220609 15:49:10.822" level="INFO">POST Request : url=https://simple-books-api.glitch.me/orders 
 path_url=/orders 
 headers={'User-Agent': 'python-requests/2.27.1', 'Accept-Encoding': 'gzip, deflate', 'Accept': '*/*', 'Connection': 'keep-alive', 'Authorization': 'Bearer 3821533292fc25f66790e457f34ee94f1aa146757fad45edde1e1749379c3fcb', 'Content-Length': '45', 'Content-Type': 'application/json'} 
 body=b'{"bookId": "3", "customnerName": "miles sic"}' 
 </msg>
<msg timestamp="20220609 15:49:10.822" level="INFO">POST Response : url=https://simple-books-api.glitch.me/orders 
 status=201, reason=Created 
 headers={'Date': 'Thu, 09 Jun 2022 13:49:10 GMT', 'Content-Type': 'application/json; charset=utf-8', 'Content-Length': '50', 'Connection': 'keep-alive', 'x-powered-by': 'Express', 'etag': 'W/"32-75JtEgQt/e8F09PL+tolGAFrP4g"'} 
 body={"created":true,"orderId":"dUvtdBVslI3xP1dnDhkGF"} 
 </msg>
<msg timestamp="20220609 15:49:10.822" level="INFO">/Library/Frameworks/Python.framework/Versions/3.10/lib/python3.10/site-packages/urllib3/connectionpool.py:1043: InsecureRequestWarning: Unverified HTTPS request is being made to host 'simple-books-api.glitch.me'. Adding certificate verification is strongly advised. See: https://urllib3.readthedocs.io/en/1.26.x/advanced-usage.html#ssl-warnings
  warnings.warn(</msg>
<msg timestamp="20220609 15:49:10.822" level="INFO">${response} = &lt;Response [201]&gt;</msg>
<status status="PASS" starttime="20220609 15:49:10.555" endtime="20220609 15:49:10.822"/>
</kw>
<kw name="Status Should Be" library="RequestsLibrary">
<arg>201</arg>
<arg>${response}</arg>
<doc>Fails if response status code is different than the expected.</doc>
<status status="PASS" starttime="20220609 15:49:10.822" endtime="20220609 15:49:10.823"/>
</kw>
<kw name="Convert String To JSON" library="JSONLibrary">
<var>${json_contents}</var>
<arg>${response.content}</arg>
<doc>Convert String to JSON object</doc>
<msg timestamp="20220609 15:49:10.824" level="INFO">${json_contents} = {'created': True, 'orderId': 'dUvtdBVslI3xP1dnDhkGF'}</msg>
<status status="PASS" starttime="20220609 15:49:10.823" endtime="20220609 15:49:10.824"/>
</kw>
<kw name="Get Value From Json" library="JSONLibrary">
<var>${contents_created}</var>
<arg>${json_contents}</arg>
<arg>$..created</arg>
<doc>Get Value From JSON using JSONPath</doc>
<msg timestamp="20220609 15:49:10.855" level="INFO">${contents_created} = [True]</msg>
<status status="PASS" starttime="20220609 15:49:10.824" endtime="20220609 15:49:10.855"/>
</kw>
<kw name="Get Value From Json" library="JSONLibrary">
<var>${contents_orderId}</var>
<arg>${json_contents}</arg>
<arg>$..orderId</arg>
<doc>Get Value From JSON using JSONPath</doc>
<msg timestamp="20220609 15:49:10.882" level="INFO">${contents_orderId} = ['dUvtdBVslI3xP1dnDhkGF']</msg>
<status status="PASS" starttime="20220609 15:49:10.855" endtime="20220609 15:49:10.882"/>
</kw>
<kw name="Log To Console" library="BuiltIn">
<arg>${contents_orderId}</arg>
<doc>Logs the given message to the console.</doc>
<status status="PASS" starttime="20220609 15:49:10.882" endtime="20220609 15:49:10.883"/>
</kw>
<kw name="Should Be True" library="BuiltIn">
<arg>${contents_created}</arg>
<doc>Fails if the given condition is not true.</doc>
<status status="PASS" starttime="20220609 15:49:10.883" endtime="20220609 15:49:10.883"/>
</kw>
<kw name="Convert To String" library="BuiltIn">
<var>${contents_orderId}</var>
<arg>${contents_orderId}</arg>
<doc>Converts the given item to a Unicode string.</doc>
<msg timestamp="20220609 15:49:10.884" level="INFO">${contents_orderId} = ['dUvtdBVslI3xP1dnDhkGF']</msg>
<status status="PASS" starttime="20220609 15:49:10.883" endtime="20220609 15:49:10.884"/>
</kw>
<kw name="Remove String Using Regexp" library="String">
<var>${contents_orderId}</var>
<arg>${contents_orderId}</arg>
<arg>['\\[\\],]</arg>
<doc>Removes ``patterns`` from the given ``string``.</doc>
<msg timestamp="20220609 15:49:10.884" level="INFO">${contents_orderId} = dUvtdBVslI3xP1dnDhkGF</msg>
<status status="PASS" starttime="20220609 15:49:10.884" endtime="20220609 15:49:10.884"/>
</kw>
<kw name="Set Variable" library="BuiltIn">
<var>${contents_orderId}</var>
<arg>${contents_orderId}</arg>
<doc>Returns the given values which can then be assigned to a variables.</doc>
<msg timestamp="20220609 15:49:10.885" level="INFO">${contents_orderId} = dUvtdBVslI3xP1dnDhkGF</msg>
<status status="PASS" starttime="20220609 15:49:10.884" endtime="20220609 15:49:10.885"/>
</kw>
<status status="PASS" starttime="20220609 15:49:10.553" endtime="20220609 15:49:10.885"/>
</test>
<test id="s1-t5" name="T005_GET_CERTAIN_ORDER" line="45">
<kw name="GET On Session" library="RequestsLibrary">
<var>${response}</var>
<arg>simpleBooks</arg>
<arg>orders/Q3CVRMq-YjKfqjEk76E-1</arg>
<arg>headers=${headers}</arg>
<doc>Sends a GET request on a previously created HTTP Session.</doc>
<msg timestamp="20220609 15:49:11.101" level="INFO">GET Request : url=https://simple-books-api.glitch.me/orders/Q3CVRMq-YjKfqjEk76E-1 
 path_url=/orders/Q3CVRMq-YjKfqjEk76E-1 
 headers={'User-Agent': 'python-requests/2.27.1', 'Accept-Encoding': 'gzip, deflate', 'Accept': '*/*', 'Connection': 'keep-alive', 'Authorization': 'Bearer 3821533292fc25f66790e457f34ee94f1aa146757fad45edde1e1749379c3fcb'} 
 body=None 
 </msg>
<msg timestamp="20220609 15:49:11.101" level="INFO">GET Response : url=https://simple-books-api.glitch.me/orders/Q3CVRMq-YjKfqjEk76E-1 
 status=200, reason=OK 
 headers={'Date': 'Thu, 09 Jun 2022 13:49:11 GMT', 'Content-Type': 'application/json; charset=utf-8', 'Content-Length': '159', 'Connection': 'keep-alive', 'x-powered-by': 'Express', 'etag': 'W/"9f-Bhkv/lzxf/oCQidwrH8kO+JMUw4"'} 
 body={"id":"Q3CVRMq-YjKfqjEk76E-1","bookId":3,"createdBy":"745d07e7c71439fc249a7f49ebbeefb1271a370ccc4b8f4135ba902baed184f1","quantity":1,"timestamp":1654782519427} 
 </msg>
<msg timestamp="20220609 15:49:11.101" level="INFO">/Library/Frameworks/Python.framework/Versions/3.10/lib/python3.10/site-packages/urllib3/connectionpool.py:1043: InsecureRequestWarning: Unverified HTTPS request is being made to host 'simple-books-api.glitch.me'. Adding certificate verification is strongly advised. See: https://urllib3.readthedocs.io/en/1.26.x/advanced-usage.html#ssl-warnings
  warnings.warn(</msg>
<msg timestamp="20220609 15:49:11.101" level="INFO">${response} = &lt;Response [200]&gt;</msg>
<status status="PASS" starttime="20220609 15:49:10.886" endtime="20220609 15:49:11.101"/>
</kw>
<status status="PASS" starttime="20220609 15:49:10.885" endtime="20220609 15:49:11.101"/>
</test>
<status status="PASS" starttime="20220609 15:49:09.415" endtime="20220609 15:49:11.102"/>
</suite>
<statistics>
<total>
<stat pass="5" fail="0" skip="0">All Tests</stat>
</total>
<tag>
</tag>
<suite>
<stat pass="5" fail="0" skip="0" id="s1" name="Api Test">Api Test</stat>
</suite>
</statistics>
<errors>
</errors>
</robot>
