<?xml version="1.0" encoding="UTF-8"?>
<robot generator="Robot 5.0 (Python 3.10.4 on darwin)" generated="20220422 20:17:04.179" rpa="false" schemaversion="3">
<suite id="s1" name="Amazon" source="/Users/Miles/Documents/GitHub/robot-tests/Course/course1/Tests/Amazon.robot">
<kw name="Insert Testing Data" library="common" type="SETUP">
<kw name="Log" library="BuiltIn">
<arg>I am setting up the test data...</arg>
<doc>Logs the given message with the given level.</doc>
<msg timestamp="20220422 20:17:04.412" level="INFO">I am setting up the test data...</msg>
<status status="PASS" starttime="20220422 20:17:04.412" endtime="20220422 20:17:04.412"/>
</kw>
<status status="PASS" starttime="20220422 20:17:04.411" endtime="20220422 20:17:04.412"/>
</kw>
<test id="s1-t1" name="Logged out user should not be able to buy product" line="27">
<kw name="Begin Web Test" library="common" type="SETUP">
<kw name="Open Browser" library="Selenium2Library">
<arg>about:blank</arg>
<arg>${BROWSER}</arg>
<doc>Opens a new browser instance to the optional ``url``.</doc>
<msg timestamp="20220422 20:17:04.414" level="INFO">Opening browser 'headlesschrome' to base url 'about:blank'.</msg>
<status status="PASS" starttime="20220422 20:17:04.413" endtime="20220422 20:17:05.468"/>
</kw>
<status status="PASS" starttime="20220422 20:17:04.413" endtime="20220422 20:17:05.469"/>
</kw>
<kw name="Search For Products" library="amazon.web.gui">
<kw name="Load" library="LandingPage">
<kw name="Go To" library="Selenium2Library">
<arg>https://amazon.com</arg>
<doc>Navigates the current browser window to the provided ``url``.</doc>
<msg timestamp="20220422 20:17:05.471" level="INFO">Opening url 'https://amazon.com'</msg>
<status status="PASS" starttime="20220422 20:17:05.471" endtime="20220422 20:17:09.173"/>
</kw>
<status status="PASS" starttime="20220422 20:17:05.470" endtime="20220422 20:17:09.173"/>
</kw>
<kw name="Verify Page Loaded" library="LandingPage">
<kw name="Wait Until Element Is Visible" library="Selenium2Library">
<arg>${TOPNAV_SEARCH_BAR}</arg>
<doc>Waits until the element ``locator`` is visible.</doc>
<status status="PASS" starttime="20220422 20:17:09.174" endtime="20220422 20:17:09.241"/>
</kw>
<status status="PASS" starttime="20220422 20:17:09.173" endtime="20220422 20:17:09.242"/>
</kw>
<kw name="Search for product" library="TopNav">
<kw name="Input Text" library="Selenium2Library">
<arg>${TOPNAV_SEARCH_BAR}</arg>
<arg>${SEARCH_TERM}</arg>
<doc>Types the given ``text`` into the text field identified by ``locator``.</doc>
<msg timestamp="20220422 20:17:09.243" level="INFO">Typing text 'LEGO Porsche 911 (10295) Model Building Kit; Engaging Building Project for Adults; Build and Display The Iconic Porsche' into text field 'id=twotabsearchtextbox'.</msg>
<status status="PASS" starttime="20220422 20:17:09.242" endtime="20220422 20:17:09.996"/>
</kw>
<kw name="Click Button" library="Selenium2Library">
<arg>${TOPNAV_SUBMIT_BUTTON}</arg>
<doc>Clicks the button identified by ``locator``.</doc>
<msg timestamp="20220422 20:17:09.996" level="INFO">Clicking button 'nav-search-submit-button'.</msg>
<status status="PASS" starttime="20220422 20:17:09.996" endtime="20220422 20:17:14.152"/>
</kw>
<status status="PASS" starttime="20220422 20:17:09.242" endtime="20220422 20:17:14.153"/>
</kw>
<kw name="Verify Product Searched" library="SearchResults">
<kw name="Wait Until Element Is Visible" library="Selenium2Library">
<arg>${IMAGE}</arg>
<doc>Waits until the element ``locator`` is visible.</doc>
<status status="PASS" starttime="20220422 20:17:14.155" endtime="20220422 20:17:14.193"/>
</kw>
<status status="PASS" starttime="20220422 20:17:14.155" endtime="20220422 20:17:14.193"/>
</kw>
<status status="PASS" starttime="20220422 20:17:05.469" endtime="20220422 20:17:14.193"/>
</kw>
<kw name="Select Product From Search Results" library="amazon.web.gui">
<kw name="Select Product From Search Results" library="SearchResults">
<kw name="Click Image" library="Selenium2Library">
<arg>${IMAGE}</arg>
<doc>Clicks an image identified by ``locator``.</doc>
<msg timestamp="20220422 20:17:14.195" level="INFO">Clicking image '//*[@id="search"]/div[1]/div[1]/div/span[3]/div[2]/div[3]/div/div/div/div/div[1]/span/a/div/img[1]'.</msg>
<status status="PASS" starttime="20220422 20:17:14.194" endtime="20220422 20:17:18.679"/>
</kw>
<kw name="Wait Until Element Is Visible" library="Selenium2Library">
<arg>${PRODUCT_BUY_NOW}</arg>
<doc>Waits until the element ``locator`` is visible.</doc>
<status status="PASS" starttime="20220422 20:17:18.679" endtime="20220422 20:17:18.720"/>
</kw>
<status status="PASS" starttime="20220422 20:17:14.194" endtime="20220422 20:17:18.720"/>
</kw>
<status status="PASS" starttime="20220422 20:17:14.194" endtime="20220422 20:17:18.720"/>
</kw>
<kw name="Buy Product And Begin Checkout" library="amazon.web.gui">
<kw name="Buy Product" library="Product">
<kw name="Click Button" library="Selenium2Library">
<arg>${PRODUCT_BUY_NOW}</arg>
<doc>Clicks the button identified by ``locator``.</doc>
<msg timestamp="20220422 20:17:18.722" level="INFO">Clicking button 'buy-now-button'.</msg>
<status status="PASS" starttime="20220422 20:17:18.721" endtime="20220422 20:17:20.792"/>
</kw>
<status status="PASS" starttime="20220422 20:17:18.721" endtime="20220422 20:17:20.793"/>
</kw>
<kw name="Verify Page Contains Email Field" library="SignIn">
<kw name="Page Should Contain Element" library="Selenium2Library">
<arg>${SIGNIN_MAIN_HEADING}</arg>
<doc>Verifies that element ``locator`` is found on the current page.</doc>
<msg timestamp="20220422 20:17:20.812" level="INFO">Current page contains element 'xpath=//*[@id="authportal-main-section"]/div[2]/div/div[1]/form/div/div/div/h1'.</msg>
<status status="PASS" starttime="20220422 20:17:20.793" endtime="20220422 20:17:20.812"/>
</kw>
<kw name="Element Text Should Be" library="Selenium2Library">
<arg>${SIGNIN_MAIN_HEADING}</arg>
<arg>Sign-In</arg>
<doc>Verifies that element ``locator`` contains exact the text ``expected``.</doc>
<msg timestamp="20220422 20:17:20.812" level="INFO">Verifying element 'xpath=//*[@id="authportal-main-section"]/div[2]/div/div[1]/form/div/div/div/h1' contains exact text 'Sign-In'.</msg>
<status status="PASS" starttime="20220422 20:17:20.812" endtime="20220422 20:17:20.833"/>
</kw>
<status status="PASS" starttime="20220422 20:17:20.793" endtime="20220422 20:17:20.833"/>
</kw>
<status status="PASS" starttime="20220422 20:17:18.721" endtime="20220422 20:17:20.833"/>
</kw>
<kw name="Login" library="amazon.web.gui">
<arg>${LOGIN_EMAIL}</arg>
<arg>${LOGIN_PASSWORD}</arg>
<kw name="Login" library="SignIn">
<arg>${login}</arg>
<arg>${password}</arg>
<kw name="Input Text" library="Selenium2Library">
<arg>${SIGNIN_EMAIL_FIELD}</arg>
<arg>${login}</arg>
<doc>Types the given ``text`` into the text field identified by ``locator``.</doc>
<msg timestamp="20220422 20:17:20.835" level="INFO">Typing text 'msictestqa2@gmail.com' into text field 'id=ap_email'.</msg>
<status status="PASS" starttime="20220422 20:17:20.835" endtime="20220422 20:17:20.943"/>
</kw>
<kw name="Click Button" library="Selenium2Library">
<arg>${SIGNIN_CONTINUE_BUTTON}</arg>
<doc>Clicks the button identified by ``locator``.</doc>
<msg timestamp="20220422 20:17:20.943" level="INFO">Clicking button 'id=continue'.</msg>
<status status="PASS" starttime="20220422 20:17:20.943" endtime="20220422 20:17:21.853"/>
</kw>
<kw name="Wait Until Element Is Visible" library="Selenium2Library">
<arg>${SIGNIN_PASSWORD_FIELD}</arg>
<doc>Waits until the element ``locator`` is visible.</doc>
<status status="PASS" starttime="20220422 20:17:21.853" endtime="20220422 20:17:21.872"/>
</kw>
<kw name="Input Password" library="Selenium2Library">
<arg>${SIGNIN_PASSWORD_FIELD}</arg>
<arg>${password}</arg>
<doc>Types the given password into the text field identified by ``locator``.</doc>
<msg timestamp="20220422 20:17:21.873" level="INFO">Typing password into text field 'id=ap_password'.</msg>
<msg timestamp="20220422 20:17:21.907" level="INFO">Temporally setting log level to: NONE</msg>
<msg timestamp="20220422 20:17:21.941" level="INFO">Log level changed from NONE to INFO.</msg>
<status status="PASS" starttime="20220422 20:17:21.872" endtime="20220422 20:17:21.941"/>
</kw>
<kw name="Click Button" library="Selenium2Library">
<arg>${SIGNIN_SIGNIN_BUTTON}</arg>
<doc>Clicks the button identified by ``locator``.</doc>
<msg timestamp="20220422 20:17:21.942" level="INFO">Clicking button 'id=signInSubmit'.</msg>
<status status="PASS" starttime="20220422 20:17:21.942" endtime="20220422 20:17:22.019"/>
</kw>
<kw name="Wait Until Element Is Visible" library="Selenium2Library">
<arg>${CHECKOUT_PHONENUMBER_FIELD}</arg>
<doc>Waits until the element ``locator`` is visible.</doc>
<status status="PASS" starttime="20220422 20:17:22.019" endtime="20220422 20:17:25.036"/>
</kw>
<status status="PASS" starttime="20220422 20:17:20.834" endtime="20220422 20:17:25.036"/>
</kw>
<status status="PASS" starttime="20220422 20:17:20.834" endtime="20220422 20:17:25.036"/>
</kw>
<kw name="End Web Test" library="common" type="TEARDOWN">
<kw name="Close Browser" library="Selenium2Library">
<doc>Closes the current browser.</doc>
<status status="PASS" starttime="20220422 20:17:25.037" endtime="20220422 20:17:25.228"/>
</kw>
<status status="PASS" starttime="20220422 20:17:25.036" endtime="20220422 20:17:25.228"/>
</kw>
<tag>Full</tag>
<status status="PASS" starttime="20220422 20:17:04.412" endtime="20220422 20:17:25.228"/>
</test>
<kw name="Cleanup Testing Data" library="common" type="TEARDOWN">
<kw name="Log" library="BuiltIn">
<arg>I am cleaning up the test data...</arg>
<doc>Logs the given message with the given level.</doc>
<msg timestamp="20220422 20:17:25.231" level="INFO">I am cleaning up the test data...</msg>
<status status="PASS" starttime="20220422 20:17:25.231" endtime="20220422 20:17:25.231"/>
</kw>
<status status="PASS" starttime="20220422 20:17:25.230" endtime="20220422 20:17:25.231"/>
</kw>
<doc>This is a test for validating if user has to be logged in to purchase product</doc>
<status status="PASS" starttime="20220422 20:17:04.181" endtime="20220422 20:17:25.231"/>
</suite>
<statistics>
<total>
<stat pass="1" fail="0" skip="0">All Tests</stat>
</total>
<tag>
<stat pass="1" fail="0" skip="0">Full</stat>
</tag>
<suite>
<stat pass="1" fail="0" skip="0" id="s1" name="Amazon">Amazon</stat>
</suite>
</statistics>
<errors>
</errors>
</robot>
