<?xml version="1.0" encoding="UTF-8"?>
<robot generator="Robot 5.0 (Python 3.10.4 on darwin)" generated="20220415 21:20:36.397" rpa="false" schemaversion="3">
<suite id="s1" name="Full regression" source="/Users/Miles/Documents/GitHub/robot-tests/Course">
<suite id="s1-s1" name="Course1" source="/Users/Miles/Documents/GitHub/robot-tests/Course/course1">
<suite id="s1-s1-s1" name="Tests" source="/Users/Miles/Documents/GitHub/robot-tests/Course/course1/Tests">
<suite id="s1-s1-s1-s1" name="Amazon" source="/Users/Miles/Documents/GitHub/robot-tests/Course/course1/Tests/amazon.robot">
<test id="s1-s1-s1-s1-t1" name="User must sign in to check out" line="10">
<kw name="Open Browser" library="SeleniumLibrary">
<arg>https://amazon.com</arg>
<arg>${BROWSER}</arg>
<doc>Opens a new browser instance to the optional ``url``.</doc>
<msg timestamp="20220415 21:20:36.629" level="INFO">Opening browser 'chrome' to base url 'https://amazon.com'.</msg>
<status status="PASS" starttime="20220415 21:20:36.629" endtime="20220415 21:20:44.406"/>
</kw>
<kw name="Wait Until Element Is Visible" library="SeleniumLibrary">
<arg>id=twotabsearchtextbox</arg>
<doc>Waits until the element ``locator`` is visible.</doc>
<status status="PASS" starttime="20220415 21:20:44.407" endtime="20220415 21:20:44.469"/>
</kw>
<kw name="Input Text" library="SeleniumLibrary">
<arg>id=twotabsearchtextbox</arg>
<arg>Porsche 911</arg>
<doc>Types the given ``text`` into the text field identified by ``locator``.</doc>
<msg timestamp="20220415 21:20:44.470" level="INFO">Typing text 'Porsche 911' into text field 'id=twotabsearchtextbox'.</msg>
<status status="PASS" starttime="20220415 21:20:44.469" endtime="20220415 21:20:44.779"/>
</kw>
<kw name="Click Button" library="SeleniumLibrary">
<arg>css=#nav-search-submit-button</arg>
<doc>Clicks the button identified by ``locator``.</doc>
<msg timestamp="20220415 21:20:44.780" level="INFO">Clicking button 'css=#nav-search-submit-button'.</msg>
<status status="PASS" starttime="20220415 21:20:44.779" endtime="20220415 21:20:49.155"/>
</kw>
<kw name="Wait Until Element Is Visible" library="SeleniumLibrary">
<arg>//*[@id="search"]/div[1]/div[1]/div/span[3]/div[2]/div[3]/div/div/div/div/div[3]/div[1]/h2/a/span</arg>
<doc>Waits until the element ``locator`` is visible.</doc>
<status status="PASS" starttime="20220415 21:20:49.155" endtime="20220415 21:20:49.194"/>
</kw>
<kw name="Click Image" library="SeleniumLibrary">
<arg>//*[@id="search"]/div[1]/div[1]/div/span[3]/div[2]/div[3]/div/div/div/div/div[2]/span/a/div/img</arg>
<doc>Clicks an image identified by ``locator``.</doc>
<msg timestamp="20220415 21:20:49.195" level="INFO">Clicking image '//*[@id="search"]/div[1]/div[1]/div/span[3]/div[2]/div[3]/div/div/div/div/div[2]/span/a/div/img'.</msg>
<status status="PASS" starttime="20220415 21:20:49.195" endtime="20220415 21:20:53.498"/>
</kw>
<kw name="Wait Until Element Is Visible" library="SeleniumLibrary">
<arg>buy-now-button</arg>
<doc>Waits until the element ``locator`` is visible.</doc>
<status status="PASS" starttime="20220415 21:20:53.498" endtime="20220415 21:20:53.539"/>
</kw>
<kw name="Click Button" library="SeleniumLibrary">
<arg>buy-now-button</arg>
<doc>Clicks the button identified by ``locator``.</doc>
<msg timestamp="20220415 21:20:53.540" level="INFO">Clicking button 'buy-now-button'.</msg>
<status status="PASS" starttime="20220415 21:20:53.540" endtime="20220415 21:20:55.329"/>
</kw>
<kw name="Wait Until Element Is Visible" library="SeleniumLibrary">
<arg>//*[@id="authportal-main-section"]/div[2]/div/div[1]/form/div/div/div/h1</arg>
<doc>Waits until the element ``locator`` is visible.</doc>
<status status="PASS" starttime="20220415 21:20:55.329" endtime="20220415 21:20:55.357"/>
</kw>
<kw name="Close Browser" library="SeleniumLibrary">
<doc>Closes the current browser.</doc>
<status status="PASS" starttime="20220415 21:20:55.357" endtime="20220415 21:20:55.561"/>
</kw>
<doc>This is some basic info about the test</doc>
<tag>Smoke</tag>
<status status="PASS" starttime="20220415 21:20:36.628" endtime="20220415 21:20:55.562"/>
</test>
<doc>This is some basic info for documentation</doc>
<status status="PASS" starttime="20220415 21:20:36.433" endtime="20220415 21:20:55.564"/>
</suite>
<suite id="s1-s1-s1-s2" name="Amazon0" source="/Users/Miles/Documents/GitHub/robot-tests/Course/course1/Tests/amazon0.robot">
<test id="s1-s1-s1-s2-t1" name="There's search button" line="10">
<kw name="Open Browser" library="SeleniumLibrary">
<arg>https://amazon.com</arg>
<arg>${BROWSER}</arg>
<doc>Opens a new browser instance to the optional ``url``.</doc>
<msg timestamp="20220415 21:20:55.571" level="INFO">Opening browser 'chrome' to base url 'https://amazon.com'.</msg>
<status status="PASS" starttime="20220415 21:20:55.570" endtime="20220415 21:21:00.926"/>
</kw>
<kw name="Wait Until Element Is Visible" library="SeleniumLibrary">
<arg>id=twotabsearchtextbox</arg>
<doc>Waits until the element ``locator`` is visible.</doc>
<status status="PASS" starttime="20220415 21:21:00.927" endtime="20220415 21:21:00.990"/>
</kw>
<kw name="Close Browser" library="SeleniumLibrary">
<doc>Closes the current browser.</doc>
<status status="PASS" starttime="20220415 21:21:00.991" endtime="20220415 21:21:01.110"/>
</kw>
<doc>This is some basic info about the test</doc>
<tag>Smoke</tag>
<status status="PASS" starttime="20220415 21:20:55.570" endtime="20220415 21:21:01.110"/>
</test>
<doc>This is some basic info for documentation</doc>
<status status="PASS" starttime="20220415 21:20:55.566" endtime="20220415 21:21:01.111"/>
</suite>
<status status="PASS" starttime="20220415 21:20:36.430" endtime="20220415 21:21:01.113"/>
</suite>
<status status="PASS" starttime="20220415 21:20:36.428" endtime="20220415 21:21:01.114"/>
</suite>
<status status="PASS" starttime="20220415 21:20:36.400" endtime="20220415 21:21:01.116"/>
</suite>
<statistics>
<total>
<stat pass="2" fail="0" skip="0">All Tests</stat>
</total>
<tag>
<stat pass="2" fail="0" skip="0">Smoke</stat>
</tag>
<suite>
<stat pass="2" fail="0" skip="0" id="s1" name="Full regression">Full regression</stat>
<stat pass="2" fail="0" skip="0" id="s1-s1" name="Course1">Full regression.Course1</stat>
<stat pass="2" fail="0" skip="0" id="s1-s1-s1" name="Tests">Full regression.Course1.Tests</stat>
<stat pass="1" fail="0" skip="0" id="s1-s1-s1-s1" name="Amazon">Full regression.Course1.Tests.Amazon</stat>
<stat pass="1" fail="0" skip="0" id="s1-s1-s1-s2" name="Amazon0">Full regression.Course1.Tests.Amazon0</stat>
</suite>
</statistics>
<errors>
</errors>
</robot>
