<?xml version="1.0" encoding="UTF-8"?>
<robot generator="Robot 5.0 (Python 3.10.4 on darwin)" generated="20220421 20:20:59.019" rpa="false" schemaversion="3">
<suite id="s1" name="Amazon" source="/Users/Miles/Documents/GitHub/robot-tests/Course/course1/Tests/amazon.robot">
<kw name="Insert Testing Data" library="common" type="SETUP">
<kw name="Log" library="BuiltIn">
<arg>I am setting up the test data...</arg>
<doc>Logs the given message with the given level.</doc>
<msg timestamp="20220421 20:20:59.264" level="INFO">I am setting up the test data...</msg>
<status status="PASS" starttime="20220421 20:20:59.264" endtime="20220421 20:20:59.264"/>
</kw>
<status status="PASS" starttime="20220421 20:20:59.264" endtime="20220421 20:20:59.264"/>
</kw>
<test id="s1-t1" name="Logged out user should be able to search for a Product" line="15">
<kw name="Begin Web Test" library="common" type="SETUP">
<kw name="Open Browser" library="Selenium2Library">
<arg>about:blank</arg>
<arg>${BROWSER}</arg>
<doc>Opens a new browser instance to the optional ``url``.</doc>
<msg timestamp="20220421 20:20:59.266" level="INFO">Opening browser 'headlesschrome' to base url 'about:blank'.</msg>
<status status="PASS" starttime="20220421 20:20:59.266" endtime="20220421 20:21:00.301"/>
</kw>
<status status="PASS" starttime="20220421 20:20:59.266" endtime="20220421 20:21:00.302"/>
</kw>
<kw name="Search For Products" library="amazon.web.gui">
<kw name="Load" library="LandingPage">
<kw name="Go To" library="Selenium2Library">
<arg>https://amazon.com</arg>
<doc>Navigates the current browser window to the provided ``url``.</doc>
<msg timestamp="20220421 20:21:00.305" level="INFO">Opening url 'https://amazon.com'</msg>
<status status="PASS" starttime="20220421 20:21:00.304" endtime="20220421 20:21:05.696"/>
</kw>
<status status="PASS" starttime="20220421 20:21:00.304" endtime="20220421 20:21:05.697"/>
</kw>
<kw name="Verify Page Loaded" library="LandingPage">
<kw name="Wait Until Element Is Visible" library="Selenium2Library">
<arg>${TOPNAV_SEARCH_BAR}</arg>
<doc>Waits until the element ``locator`` is visible.</doc>
<status status="PASS" starttime="20220421 20:21:05.698" endtime="20220421 20:21:05.787"/>
</kw>
<status status="PASS" starttime="20220421 20:21:05.697" endtime="20220421 20:21:05.787"/>
</kw>
<kw name="Search for product" library="TopNav">
<kw name="Input Text" library="Selenium2Library">
<arg>${TOPNAV_SEARCH_BAR}</arg>
<arg>${SEARCH_TERM}</arg>
<doc>Types the given ``text`` into the text field identified by ``locator``.</doc>
<msg timestamp="20220421 20:21:05.788" level="INFO">Typing text 'LEGO Porsche 911 (10295) Model Building Kit; Engaging Building Project for Adults; Build and Display The Iconic Porsche' into text field 'id=twotabsearchtextbox'.</msg>
<status status="PASS" starttime="20220421 20:21:05.788" endtime="20220421 20:21:06.488"/>
</kw>
<kw name="Click Button" library="Selenium2Library">
<arg>${TOPNAV_SUBMIT_BUTTON}</arg>
<doc>Clicks the button identified by ``locator``.</doc>
<msg timestamp="20220421 20:21:06.489" level="INFO">Clicking button 'nav-search-submit-button'.</msg>
<status status="PASS" starttime="20220421 20:21:06.488" endtime="20220421 20:21:11.813"/>
</kw>
<status status="PASS" starttime="20220421 20:21:05.787" endtime="20220421 20:21:11.813"/>
</kw>
<kw name="Verify Product Searched" library="SearchResults">
<kw name="Wait Until Element Is Visible" library="Selenium2Library">
<arg>${IMAGE}</arg>
<doc>Waits until the element ``locator`` is visible.</doc>
<status status="PASS" starttime="20220421 20:21:11.814" endtime="20220421 20:21:11.852"/>
</kw>
<status status="PASS" starttime="20220421 20:21:11.813" endtime="20220421 20:21:11.853"/>
</kw>
<status status="PASS" starttime="20220421 20:21:00.303" endtime="20220421 20:21:11.853"/>
</kw>
<kw name="End Web Test" library="common" type="TEARDOWN">
<kw name="Close Browser" library="Selenium2Library">
<doc>Closes the current browser.</doc>
<status status="PASS" starttime="20220421 20:21:11.854" endtime="20220421 20:21:11.990"/>
</kw>
<status status="PASS" starttime="20220421 20:21:11.853" endtime="20220421 20:21:11.991"/>
</kw>
<tag>Smoke</tag>
<status status="PASS" starttime="20220421 20:20:59.265" endtime="20220421 20:21:11.991"/>
</test>
<test id="s1-t2" name="Logged out user should be able to view a Product" line="19">
<kw name="Begin Web Test" library="common" type="SETUP">
<kw name="Open Browser" library="Selenium2Library">
<arg>about:blank</arg>
<arg>${BROWSER}</arg>
<doc>Opens a new browser instance to the optional ``url``.</doc>
<msg timestamp="20220421 20:21:11.995" level="INFO">Opening browser 'headlesschrome' to base url 'about:blank'.</msg>
<status status="PASS" starttime="20220421 20:21:11.995" endtime="20220421 20:21:13.022"/>
</kw>
<status status="PASS" starttime="20220421 20:21:11.994" endtime="20220421 20:21:13.022"/>
</kw>
<kw name="Search For Products" library="amazon.web.gui">
<kw name="Load" library="LandingPage">
<kw name="Go To" library="Selenium2Library">
<arg>https://amazon.com</arg>
<doc>Navigates the current browser window to the provided ``url``.</doc>
<msg timestamp="20220421 20:21:13.024" level="INFO">Opening url 'https://amazon.com'</msg>
<status status="PASS" starttime="20220421 20:21:13.024" endtime="20220421 20:21:18.951"/>
</kw>
<status status="PASS" starttime="20220421 20:21:13.024" endtime="20220421 20:21:18.951"/>
</kw>
<kw name="Verify Page Loaded" library="LandingPage">
<kw name="Wait Until Element Is Visible" library="Selenium2Library">
<arg>${TOPNAV_SEARCH_BAR}</arg>
<doc>Waits until the element ``locator`` is visible.</doc>
<status status="PASS" starttime="20220421 20:21:18.952" endtime="20220421 20:21:19.013"/>
</kw>
<status status="PASS" starttime="20220421 20:21:18.952" endtime="20220421 20:21:19.014"/>
</kw>
<kw name="Search for product" library="TopNav">
<kw name="Input Text" library="Selenium2Library">
<arg>${TOPNAV_SEARCH_BAR}</arg>
<arg>${SEARCH_TERM}</arg>
<doc>Types the given ``text`` into the text field identified by ``locator``.</doc>
<msg timestamp="20220421 20:21:19.015" level="INFO">Typing text 'LEGO Porsche 911 (10295) Model Building Kit; Engaging Building Project for Adults; Build and Display The Iconic Porsche' into text field 'id=twotabsearchtextbox'.</msg>
<status status="PASS" starttime="20220421 20:21:19.014" endtime="20220421 20:21:19.669"/>
</kw>
<kw name="Click Button" library="Selenium2Library">
<arg>${TOPNAV_SUBMIT_BUTTON}</arg>
<doc>Clicks the button identified by ``locator``.</doc>
<msg timestamp="20220421 20:21:19.669" level="INFO">Clicking button 'nav-search-submit-button'.</msg>
<status status="PASS" starttime="20220421 20:21:19.669" endtime="20220421 20:21:23.426"/>
</kw>
<status status="PASS" starttime="20220421 20:21:19.014" endtime="20220421 20:21:23.426"/>
</kw>
<kw name="Verify Product Searched" library="SearchResults">
<kw name="Wait Until Element Is Visible" library="Selenium2Library">
<arg>${IMAGE}</arg>
<doc>Waits until the element ``locator`` is visible.</doc>
<status status="PASS" starttime="20220421 20:21:23.427" endtime="20220421 20:21:23.461"/>
</kw>
<status status="PASS" starttime="20220421 20:21:23.426" endtime="20220421 20:21:23.461"/>
</kw>
<status status="PASS" starttime="20220421 20:21:13.023" endtime="20220421 20:21:23.462"/>
</kw>
<kw name="Select Product From Search Results" library="amazon.web.gui">
<kw name="Select Product From Search Results" library="SearchResults">
<kw name="Click Image" library="Selenium2Library">
<arg>${IMAGE}</arg>
<doc>Clicks an image identified by ``locator``.</doc>
<msg timestamp="20220421 20:21:23.463" level="INFO">Clicking image '//*[@id="search"]/div[1]/div[1]/div/span[3]/div[2]/div[3]/div/div/div/div/div[1]/span/a/div/img[1]'.</msg>
<status status="PASS" starttime="20220421 20:21:23.463" endtime="20220421 20:21:27.422"/>
</kw>
<kw name="Wait Until Element Is Visible" library="Selenium2Library">
<arg>${PRODUCT_BUY_NOW}</arg>
<doc>Waits until the element ``locator`` is visible.</doc>
<status status="PASS" starttime="20220421 20:21:27.422" endtime="20220421 20:21:27.462"/>
</kw>
<status status="PASS" starttime="20220421 20:21:23.462" endtime="20220421 20:21:27.462"/>
</kw>
<status status="PASS" starttime="20220421 20:21:23.462" endtime="20220421 20:21:27.463"/>
</kw>
<kw name="End Web Test" library="common" type="TEARDOWN">
<kw name="Close Browser" library="Selenium2Library">
<doc>Closes the current browser.</doc>
<status status="PASS" starttime="20220421 20:21:27.463" endtime="20220421 20:21:27.615"/>
</kw>
<status status="PASS" starttime="20220421 20:21:27.463" endtime="20220421 20:21:27.615"/>
</kw>
<tag>Option</tag>
<status status="PASS" starttime="20220421 20:21:11.992" endtime="20220421 20:21:27.615"/>
</test>
<test id="s1-t3" name="Logged out user should not be able to buy product" line="24">
<kw name="Begin Web Test" library="common" type="SETUP">
<kw name="Open Browser" library="Selenium2Library">
<arg>about:blank</arg>
<arg>${BROWSER}</arg>
<doc>Opens a new browser instance to the optional ``url``.</doc>
<msg timestamp="20220421 20:21:27.619" level="INFO">Opening browser 'headlesschrome' to base url 'about:blank'.</msg>
<status status="PASS" starttime="20220421 20:21:27.618" endtime="20220421 20:21:28.666"/>
</kw>
<status status="PASS" starttime="20220421 20:21:27.618" endtime="20220421 20:21:28.667"/>
</kw>
<kw name="Search For Products" library="amazon.web.gui">
<kw name="Load" library="LandingPage">
<kw name="Go To" library="Selenium2Library">
<arg>https://amazon.com</arg>
<doc>Navigates the current browser window to the provided ``url``.</doc>
<msg timestamp="20220421 20:21:28.668" level="INFO">Opening url 'https://amazon.com'</msg>
<status status="PASS" starttime="20220421 20:21:28.668" endtime="20220421 20:21:32.612"/>
</kw>
<status status="PASS" starttime="20220421 20:21:28.668" endtime="20220421 20:21:32.612"/>
</kw>
<kw name="Verify Page Loaded" library="LandingPage">
<kw name="Wait Until Element Is Visible" library="Selenium2Library">
<arg>${TOPNAV_SEARCH_BAR}</arg>
<doc>Waits until the element ``locator`` is visible.</doc>
<status status="PASS" starttime="20220421 20:21:32.613" endtime="20220421 20:21:32.677"/>
</kw>
<status status="PASS" starttime="20220421 20:21:32.612" endtime="20220421 20:21:32.677"/>
</kw>
<kw name="Search for product" library="TopNav">
<kw name="Input Text" library="Selenium2Library">
<arg>${TOPNAV_SEARCH_BAR}</arg>
<arg>${SEARCH_TERM}</arg>
<doc>Types the given ``text`` into the text field identified by ``locator``.</doc>
<msg timestamp="20220421 20:21:32.679" level="INFO">Typing text 'LEGO Porsche 911 (10295) Model Building Kit; Engaging Building Project for Adults; Build and Display The Iconic Porsche' into text field 'id=twotabsearchtextbox'.</msg>
<status status="PASS" starttime="20220421 20:21:32.678" endtime="20220421 20:21:33.428"/>
</kw>
<kw name="Click Button" library="Selenium2Library">
<arg>${TOPNAV_SUBMIT_BUTTON}</arg>
<doc>Clicks the button identified by ``locator``.</doc>
<msg timestamp="20220421 20:21:33.429" level="INFO">Clicking button 'nav-search-submit-button'.</msg>
<status status="PASS" starttime="20220421 20:21:33.428" endtime="20220421 20:21:37.302"/>
</kw>
<status status="PASS" starttime="20220421 20:21:32.677" endtime="20220421 20:21:37.302"/>
</kw>
<kw name="Verify Product Searched" library="SearchResults">
<kw name="Wait Until Element Is Visible" library="Selenium2Library">
<arg>${IMAGE}</arg>
<doc>Waits until the element ``locator`` is visible.</doc>
<status status="PASS" starttime="20220421 20:21:37.303" endtime="20220421 20:21:37.348"/>
</kw>
<status status="PASS" starttime="20220421 20:21:37.302" endtime="20220421 20:21:37.348"/>
</kw>
<status status="PASS" starttime="20220421 20:21:28.667" endtime="20220421 20:21:37.348"/>
</kw>
<kw name="Select Product From Search Results" library="amazon.web.gui">
<kw name="Select Product From Search Results" library="SearchResults">
<kw name="Click Image" library="Selenium2Library">
<arg>${IMAGE}</arg>
<doc>Clicks an image identified by ``locator``.</doc>
<msg timestamp="20220421 20:21:37.350" level="INFO">Clicking image '//*[@id="search"]/div[1]/div[1]/div/span[3]/div[2]/div[3]/div/div/div/div/div[1]/span/a/div/img[1]'.</msg>
<status status="PASS" starttime="20220421 20:21:37.350" endtime="20220421 20:21:41.214"/>
</kw>
<kw name="Wait Until Element Is Visible" library="Selenium2Library">
<arg>${PRODUCT_BUY_NOW}</arg>
<doc>Waits until the element ``locator`` is visible.</doc>
<status status="PASS" starttime="20220421 20:21:41.214" endtime="20220421 20:21:41.248"/>
</kw>
<status status="PASS" starttime="20220421 20:21:37.349" endtime="20220421 20:21:41.248"/>
</kw>
<status status="PASS" starttime="20220421 20:21:37.349" endtime="20220421 20:21:41.248"/>
</kw>
<kw name="Buy Product And Begin Checkout" library="amazon.web.gui">
<kw name="Buy Product" library="Product">
<kw name="Click Button" library="Selenium2Library">
<arg>${PRODUCT_BUY_NOW}</arg>
<doc>Clicks the button identified by ``locator``.</doc>
<msg timestamp="20220421 20:21:41.250" level="INFO">Clicking button 'buy-now-button'.</msg>
<status status="PASS" starttime="20220421 20:21:41.249" endtime="20220421 20:21:43.236"/>
</kw>
<status status="PASS" starttime="20220421 20:21:41.249" endtime="20220421 20:21:43.237"/>
</kw>
<kw name="Verify Page Contains Email Field" library="SignIn">
<kw name="Page Should Contain Element" library="Selenium2Library">
<arg>${SIGNIN_MAIN_HEADING}</arg>
<doc>Verifies that element ``locator`` is found on the current page.</doc>
<msg timestamp="20220421 20:21:43.256" level="INFO">Current page contains element 'xpath=//*[@id="authportal-main-section"]/div[2]/div/div[1]/form/div/div/div/h1'.</msg>
<status status="PASS" starttime="20220421 20:21:43.237" endtime="20220421 20:21:43.256"/>
</kw>
<kw name="Element Text Should Be" library="Selenium2Library">
<arg>${SIGNIN_MAIN_HEADING}</arg>
<arg>Sign-In</arg>
<doc>Verifies that element ``locator`` contains exact the text ``expected``.</doc>
<msg timestamp="20220421 20:21:43.257" level="INFO">Verifying element 'xpath=//*[@id="authportal-main-section"]/div[2]/div/div[1]/form/div/div/div/h1' contains exact text 'Sign-In'.</msg>
<status status="PASS" starttime="20220421 20:21:43.256" endtime="20220421 20:21:43.275"/>
</kw>
<status status="PASS" starttime="20220421 20:21:43.237" endtime="20220421 20:21:43.276"/>
</kw>
<status status="PASS" starttime="20220421 20:21:41.249" endtime="20220421 20:21:43.276"/>
</kw>
<kw name="End Web Test" library="common" type="TEARDOWN">
<kw name="Close Browser" library="Selenium2Library">
<doc>Closes the current browser.</doc>
<status status="PASS" starttime="20220421 20:21:43.277" endtime="20220421 20:21:43.435"/>
</kw>
<status status="PASS" starttime="20220421 20:21:43.276" endtime="20220421 20:21:43.435"/>
</kw>
<tag>Smoke</tag>
<status status="PASS" starttime="20220421 20:21:27.617" endtime="20220421 20:21:43.435"/>
</test>
<kw name="Cleanup Testing Data" library="common" type="TEARDOWN">
<kw name="Log" library="BuiltIn">
<arg>I am cleaning up the test data...</arg>
<doc>Logs the given message with the given level.</doc>
<msg timestamp="20220421 20:21:43.439" level="INFO">I am cleaning up the test data...</msg>
<status status="PASS" starttime="20220421 20:21:43.438" endtime="20220421 20:21:43.439"/>
</kw>
<status status="PASS" starttime="20220421 20:21:43.438" endtime="20220421 20:21:43.439"/>
</kw>
<doc>This is a test for validating if user has to be logged in to purchase product</doc>
<status status="PASS" starttime="20220421 20:20:59.023" endtime="20220421 20:21:43.439"/>
</suite>
<statistics>
<total>
<stat pass="3" fail="0" skip="0">All Tests</stat>
</total>
<tag>
<stat pass="1" fail="0" skip="0">Option</stat>
<stat pass="2" fail="0" skip="0">Smoke</stat>
</tag>
<suite>
<stat pass="3" fail="0" skip="0" id="s1" name="Amazon">Amazon</stat>
</suite>
</statistics>
<errors>
</errors>
</robot>
